<?xml version="1.0" encoding="UTF-8"?>
<!-- Generated by org.testng.reporters.JUnitReportReporter -->
<testsuite skipped="2" hostname="DESKTOP-HD1O1LH" name="Mytest.Program1" tests="4" failures="0" timestamp="2023-06-27T13:13:15 IST" time="63.376" errors="0">
  <testcase name="VerifySearchBar" time="28.780" classname="Mytest.Program1"/>
  <system-out/>
  <testcase name="selectDropDown" time="34.596" classname="Mytest.Program1"/>
  <system-out/>
  <testcase name="verifyLogo" classname="Mytest.Program1">
    <skipped/>
  </testcase> <!-- verifyLogo -->
  <system-out/>
  <testcase name="verifyTitle" classname="Mytest.Program1">
    <skipped/>
  </testcase> <!-- verifyTitle -->
  <system-out/>
</testsuite> <!-- Mytest.Program1 -->
