<?xml version="1.0" encoding="UTF-8"?>
<!-- Generated by org.testng.reporters.JUnitReportReporter -->
<testsuite skipped="1" hostname="DESKTOP-HD1O1LH" name="Mytest.Program" tests="2" failures="0" timestamp="2023-06-27T12:18:43 IST" time="23.148" errors="0">
  <testcase name="verifyLogo" time="23.148" classname="Mytest.Program"/>
  <system-out/>
  <testcase name="verifyTitle" classname="Mytest.Program">
    <skipped/>
  </testcase> <!-- verifyTitle -->
  <system-out/>
</testsuite> <!-- Mytest.Program -->
